15.7070 	WARNING 	Font Manager failed to load file /System/Library/PrivateFrameworks/FontServices.framework/Resources/Reserved/PingFangUI.ttc
15.7457 	WARNING 	Font Manager failed to load file /System/Library/PrivateFrameworks/FontServices.framework/Resources/Reserved/PingFangUI.ttc
45.8920 	INFO 	Loaded monitor calibration from ['2025_08_12 07:11']
45.9054 	WARNING 	User requested fullscreen with size [1024  768], but screen is actually [1470, 956]. Using actual size
46.0568 	INFO 	Using renderer 'Apple M2' for graphics
46.0569 	INFO 	OpenGL version supported by driver is 2..
46.0834 	EXP 	Created window1 = Window(allowGUI=False, allowStencil=False, autoLog=True, backendConf=UNKNOWN, backgroundFit=<method-wrapper '__getattribute__' of attributeSetter object at 0x155bc3250>, backgroundImage=<method-wrapper '__getattribute__' of attributeSetter object at 0x155bc32b0>, bitsMode=UNKNOWN, blendMode='avg', bpc=(8, 8, 8), color=array([0, 0, 0]), colorSpace='rgb', depthBits=8, fullscr=True, gamma=None, gammaErrorPolicy='raise', infoMsg=UNKNOWN, lms=UNKNOWN, monitor=<psychopy.monitors.calibTools.Monitor object at 0x1559dd120>, multiSample=False, name='window1', numSamples=2, pos=[np.float64(0.0), np.float64(0.0)], screen=0, size=array([2940, 1912]), stencilBits=0, stereo=False, title='PsychoPy', units='height', useFBO=True, useRetina=True, viewOri=0.0, viewPos=None, viewScale=None, waitBlanking=True, winType='pyglet')
46.0834 	EXP 	window1: backgroundImage = ''
46.0834 	EXP 	window1: backgroundFit = 'none'
46.3903 	EXP 	window1: Attempting to measure frame rate of screen (0) ...
46.3904 	EXP 	window1: recordFrameIntervals = False
46.5461 	EXP 	window1: recordFrameIntervals = True
47.3862 	WARNING 	Couldn't measure a consistent frame rate!
  - Is your graphics card set to sync to vertical blank?
  - Are you running other processes on your computer?

48.4795 	INFO 	keyboard.Keyboard is using ptb backend.
48.4795 	EXP 	0.1 experiment stroop ready: status = STARTED
48.5346 	EXP 	Created text_2 = TextStim(__class__=<class 'psychopy.visual.text.TextStim'>, alignHoriz=method-wrapper(...), alignText='center', alignVert=method-wrapper(...), anchorHoriz='center', anchorVert='center', antialias=True, autoDraw=False, autoLog=True, bold=False, color=array([1., 1., 1.]), colorSpace='rgb', contrast=1.0, depth=0.0, draggable=False, flipHoriz=False, flipVert=False, font='Arial', fontFiles=[], height=np.float64(0.05), italic=False, languageStyle='LTR', name='text_2', opacity=1, ori=0.0, pos=array([0., 0.]), rgb=UNKNOWN, text=str(...), units='height', win=Window(...), wrapWidth=1)
48.5388 	EXP 	Created fixation = ShapeStim(__class__=<class 'psychopy.visual.shape.ShapeStim'>, anchor=('center', 'center'), autoDraw=False, autoLog=True, closeShape=True, color=method-wrapper(...), colorSpace='rgb', contrast=None, depth=0.0, draggable=False, fillColor=array([1, 1, 1]), fillColorSpace='rgb', fillRGB=array([1, 1, 1]), interpolate=True, lineColor=array([1., 1., 1.]), lineColorSpace='rgb', lineRGB=array([1, 1, 1]), lineWidth=1.0, name='fixation', opacity=1, ori=0.0, pos=array([0., 0.]), size=array([0.5, 0.5]), units='height', vertices=ndarray(...), win=Window(...), windingRule=None)
48.5393 	EXP 	Created text = TextStim(__class__=<class 'psychopy.visual.text.TextStim'>, alignHoriz=method-wrapper(...), alignText='center', alignVert=method-wrapper(...), anchorHoriz='center', anchorVert='center', antialias=True, autoDraw=False, autoLog=True, bold=False, color=array([1., 1., 1.]), colorSpace='rgb', contrast=1.0, depth=-1.0, draggable=False, flipHoriz=False, flipVert=False, font='Arial', fontFiles=[], height=0.05, italic=False, languageStyle='LTR', name='text', opacity=1, ori=0.0, pos=array([50., 50.]), rgb=UNKNOWN, text='', units='pix', win=Window(...), wrapWidth=500)
48.5425 	EXP 	Created text_3 = TextStim(__class__=<class 'psychopy.visual.text.TextStim'>, alignHoriz=method-wrapper(...), alignText='center', alignVert=method-wrapper(...), anchorHoriz='center', anchorVert='center', antialias=True, autoDraw=False, autoLog=True, bold=False, color=array([1., 1., 1.]), colorSpace='rgb', contrast=1.0, depth=0.0, draggable=False, flipHoriz=False, flipVert=False, font='Arial', fontFiles=[], height=np.float64(0.05), italic=False, languageStyle='LTR', name='text_3', opacity=1, ori=0.0, pos=array([0., 0.]), rgb=UNKNOWN, text=str(...), units='height', win=Window(...), wrapWidth=1)
0.0103 	INFO 	Keyboard events cleared
0.0102 	EXP 	text_2: autoDraw = True
8.4213 	EXP 	Device response: <KeyPress from None: t=8.263594958003523, value=space, duration=None>
8.4214 	EXP 	Device response: <KeyPress from None: t=8.263594958003523, value=space, duration=0.06143791599970427>
8.4255 	EXP 	Imported /Users/urvashibhansali/Documents/AU (1-4 years) /3rd Year/Semester 5 Monsoon 25-26/Lab in Psychology PSY310/Stroop task/Experiment 0.1 stroop effect.xlsx as conditions, 4 conditions, 4 params
8.4269 	EXP 	New trial (rep=0, index=0): <Trial 0 (0 in rep 0) data={'word': 'BLUE', 'Colour': 'blue', 'stimulus_condition': 'C', 'Correct_response': 'b', 'thisN': 0, 'thisTrialN': 0, 'thisRepN': 0}>
8.4426 	DATA 	Keypress: space
8.4469 	WARNING 	t of last frame was 175.36ms (=1/5)
8.4469 	EXP 	text_2: autoDraw = False
8.4469 	EXP 	text: foreColor = <psychopy.colors.Color: blue, alpha=1.0>
8.4469 	EXP 	text: height = np.float64(0.05)
8.4469 	EXP 	text: height = np.float64(0.05)
8.4469 	EXP 	text: height = np.float64(0.05)
8.4469 	EXP 	text: text = 'BLUE'
8.4469 	EXP 	fixation: autoDraw = True
8.9140 	INFO 	Keyboard events cleared
8.9138 	EXP 	fixation: autoDraw = False
8.9138 	EXP 	text: autoDraw = True
13.4085 	EXP 	text: autoDraw = False
16.5899 	EXP 	Device response: <KeyPress from None: t=16.576570166002057, value=b, duration=None>
16.5906 	EXP 	New trial (rep=0, index=1): <Trial 1 (1 in rep 0) data={'word': 'RED', 'Colour': 'blue', 'stimulus_condition': 'I', 'Correct_response': 'b', 'thisN': 1, 'thisTrialN': 1, 'thisRepN': 0}>
16.6046 	DATA 	Keypress: b
16.6096 	WARNING 	t of last frame was 21.35ms (=1/46)
16.6096 	EXP 	fixation: autoDraw = False
16.6096 	EXP 	text: autoDraw = False
16.6096 	EXP 	text: foreColor = <psychopy.colors.Color: blue, alpha=1.0>
16.6096 	EXP 	text: height = np.float64(0.05)
16.6096 	EXP 	text: height = np.float64(0.05)
16.6096 	EXP 	text: height = np.float64(0.05)
16.6096 	EXP 	text: text = 'RED'
16.6096 	EXP 	fixation: autoDraw = True
16.6106 	EXP 	Device response: <KeyPress from None: t=16.576570166002057, value=b, duration=0.02996595800141222>
17.0913 	INFO 	Keyboard events cleared
17.0912 	EXP 	fixation: autoDraw = False
17.0912 	EXP 	text: autoDraw = True
18.6785 	EXP 	Device response: <KeyPress from None: t=18.677033541000128, value=r, duration=None>
18.6789 	EXP 	New trial (rep=0, index=2): <Trial 2 (2 in rep 0) data={'word': 'RED', 'Colour': 'red', 'stimulus_condition': 'C', 'Correct_response': 'r', 'thisN': 2, 'thisTrialN': 2, 'thisRepN': 0}>
18.6843 	DATA 	Keypress: r
18.6901 	EXP 	fixation: autoDraw = False
18.6901 	EXP 	text: autoDraw = False
18.6901 	EXP 	text: foreColor = <psychopy.colors.Color: red, alpha=1.0>
18.6901 	EXP 	text: text = 'RED'
18.6901 	EXP 	fixation: autoDraw = True
18.7727 	EXP 	Device response: <KeyPress from None: t=18.677033541000128, value=r, duration=0.08442095800273819>
19.1785 	INFO 	Keyboard events cleared
19.1784 	EXP 	fixation: autoDraw = False
19.1784 	EXP 	text: autoDraw = True
20.2561 	EXP 	Device response: <KeyPress from None: t=20.24597741600155, value=r, duration=None>
20.2566 	EXP 	New trial (rep=0, index=3): <Trial 3 (3 in rep 0) data={'word': 'BLUE', 'Colour': 'red', 'stimulus_condition': 'I', 'Correct_response': 'r', 'thisN': 3, 'thisTrialN': 3, 'thisRepN': 0}>
20.2781 	DATA 	Keypress: r
20.2821 	WARNING 	t of last frame was 27.28ms (=1/36)
20.2821 	EXP 	fixation: autoDraw = False
20.2821 	EXP 	text: autoDraw = False
20.2821 	EXP 	text: foreColor = <psychopy.colors.Color: red, alpha=1.0>
20.2821 	EXP 	text: height = np.float64(0.05)
20.2821 	EXP 	text: height = np.float64(0.05)
20.2821 	EXP 	text: height = np.float64(0.05)
20.2821 	EXP 	text: text = 'BLUE'
20.2821 	EXP 	fixation: autoDraw = True
20.3077 	EXP 	Device response: <KeyPress from None: t=20.24597741600155, value=r, duration=0.0603123750006489>
20.7545 	INFO 	Keyboard events cleared
20.7543 	EXP 	fixation: autoDraw = False
20.7543 	EXP 	text: autoDraw = True
21.4563 	EXP 	Device response: <KeyPress from None: t=21.45162674900348, value=b, duration=None>
21.4570 	EXP 	New trial (rep=1, index=0): <Trial 4 (0 in rep 1) data={'word': 'RED', 'Colour': 'blue', 'stimulus_condition': 'I', 'Correct_response': 'b', 'thisN': 4, 'thisTrialN': 0, 'thisRepN': 1}>
21.4658 	DATA 	Keypress: b
21.4707 	EXP 	fixation: autoDraw = False
21.4707 	EXP 	text: autoDraw = False
21.4707 	EXP 	text: foreColor = <psychopy.colors.Color: blue, alpha=1.0>
21.4707 	EXP 	text: height = np.float64(0.05)
21.4707 	EXP 	text: height = np.float64(0.05)
21.4707 	EXP 	text: height = np.float64(0.05)
21.4707 	EXP 	text: text = 'RED'
21.4707 	EXP 	fixation: autoDraw = True
21.5056 	EXP 	Device response: <KeyPress from None: t=21.45162674900348, value=b, duration=0.05167183399680653>
21.9531 	INFO 	Keyboard events cleared
21.9529 	EXP 	fixation: autoDraw = False
21.9529 	EXP 	text: autoDraw = True
22.2231 	EXP 	Device response: <KeyPress from None: t=22.214961416000733, value=b, duration=None>
22.2238 	EXP 	New trial (rep=1, index=1): <Trial 5 (1 in rep 1) data={'word': 'BLUE', 'Colour': 'red', 'stimulus_condition': 'I', 'Correct_response': 'r', 'thisN': 5, 'thisTrialN': 1, 'thisRepN': 1}>
22.2333 	DATA 	Keypress: b
22.2382 	EXP 	fixation: autoDraw = False
22.2382 	EXP 	text: autoDraw = False
22.2382 	EXP 	text: foreColor = <psychopy.colors.Color: red, alpha=1.0>
22.2382 	EXP 	text: height = np.float64(0.05)
22.2382 	EXP 	text: height = np.float64(0.05)
22.2382 	EXP 	text: height = np.float64(0.05)
22.2382 	EXP 	text: text = 'BLUE'
22.2382 	EXP 	fixation: autoDraw = True
22.2720 	EXP 	Device response: <KeyPress from None: t=22.214961416000733, value=b, duration=0.052478707999398466>
22.7199 	INFO 	Keyboard events cleared
22.7197 	EXP 	fixation: autoDraw = False
22.7197 	EXP 	text: autoDraw = True
22.9397 	EXP 	Device response: <KeyPress from None: t=22.93405316600183, value=b, duration=None>
22.9402 	EXP 	New trial (rep=1, index=2): <Trial 6 (2 in rep 1) data={'word': 'BLUE', 'Colour': 'blue', 'stimulus_condition': 'C', 'Correct_response': 'b', 'thisN': 6, 'thisTrialN': 2, 'thisRepN': 1}>
22.9454 	DATA 	Keypress: b
22.9502 	EXP 	fixation: autoDraw = False
22.9502 	EXP 	text: autoDraw = False
22.9502 	EXP 	text: foreColor = <psychopy.colors.Color: blue, alpha=1.0>
22.9502 	EXP 	text: text = 'BLUE'
22.9502 	EXP 	fixation: autoDraw = True
22.9564 	EXP 	Device response: <KeyPress from None: t=22.93405316600183, value=b, duration=0.020244416999048553>
23.4381 	INFO 	Keyboard events cleared
23.4379 	EXP 	fixation: autoDraw = False
23.4379 	EXP 	text: autoDraw = True
23.4951 	EXP 	Device response: <KeyPress from None: t=23.49403491600242, value=b, duration=None>
23.5051 	EXP 	New trial (rep=1, index=3): <Trial 7 (3 in rep 1) data={'word': 'RED', 'Colour': 'red', 'stimulus_condition': 'C', 'Correct_response': 'r', 'thisN': 7, 'thisTrialN': 3, 'thisRepN': 1}>
23.5134 	DATA 	Keypress: b
23.5182 	EXP 	fixation: autoDraw = False
23.5182 	EXP 	text: autoDraw = False
23.5182 	EXP 	text: foreColor = <psychopy.colors.Color: red, alpha=1.0>
23.5182 	EXP 	text: height = np.float64(0.05)
23.5182 	EXP 	text: height = np.float64(0.05)
23.5182 	EXP 	text: height = np.float64(0.05)
23.5182 	EXP 	text: text = 'RED'
23.5182 	EXP 	fixation: autoDraw = True
23.5728 	EXP 	Device response: <KeyPress from None: t=23.49403491600242, value=b, duration=0.07625362500039046>
23.9964 	INFO 	Keyboard events cleared
23.9962 	EXP 	fixation: autoDraw = False
23.9962 	EXP 	text: autoDraw = True
24.0564 	EXP 	Device response: <KeyPress from None: t=24.051029583002673, value=b, duration=None>
24.0571 	EXP 	New trial (rep=2, index=0): <Trial 8 (0 in rep 2) data={'word': 'BLUE', 'Colour': 'red', 'stimulus_condition': 'I', 'Correct_response': 'r', 'thisN': 8, 'thisTrialN': 0, 'thisRepN': 2}>
24.0662 	DATA 	Keypress: b
24.0710 	EXP 	fixation: autoDraw = False
24.0710 	EXP 	text: autoDraw = False
24.0710 	EXP 	text: foreColor = <psychopy.colors.Color: red, alpha=1.0>
24.0710 	EXP 	text: height = np.float64(0.05)
24.0710 	EXP 	text: height = np.float64(0.05)
24.0710 	EXP 	text: height = np.float64(0.05)
24.0710 	EXP 	text: text = 'BLUE'
24.0710 	EXP 	fixation: autoDraw = True
24.1096 	EXP 	Device response: <KeyPress from None: t=24.051029583002673, value=b, duration=0.056176040998252574>
24.5544 	INFO 	Keyboard events cleared
24.5543 	EXP 	fixation: autoDraw = False
24.5543 	EXP 	text: autoDraw = True
25.4061 	EXP 	Device response: <KeyPress from None: t=25.403990874001465, value=b, duration=None>
25.4067 	EXP 	New trial (rep=2, index=1): <Trial 9 (1 in rep 2) data={'word': 'RED', 'Colour': 'blue', 'stimulus_condition': 'I', 'Correct_response': 'b', 'thisN': 9, 'thisTrialN': 1, 'thisRepN': 2}>
25.4156 	DATA 	Keypress: b
25.4206 	EXP 	fixation: autoDraw = False
25.4206 	EXP 	text: autoDraw = False
25.4206 	EXP 	text: foreColor = <psychopy.colors.Color: blue, alpha=1.0>
25.4206 	EXP 	text: height = np.float64(0.05)
25.4206 	EXP 	text: height = np.float64(0.05)
25.4206 	EXP 	text: height = np.float64(0.05)
25.4206 	EXP 	text: text = 'RED'
25.4206 	EXP 	fixation: autoDraw = True
25.4432 	EXP 	Device response: <KeyPress from None: t=25.403990874001465, value=b, duration=0.03651387499849079>
25.9048 	INFO 	Keyboard events cleared
25.9046 	EXP 	fixation: autoDraw = False
25.9046 	EXP 	text: autoDraw = True
26.3059 	EXP 	Device response: <KeyPress from None: t=26.297872916002234, value=r, duration=None>
26.3063 	EXP 	New trial (rep=2, index=2): <Trial 10 (2 in rep 2) data={'word': 'BLUE', 'Colour': 'blue', 'stimulus_condition': 'C', 'Correct_response': 'b', 'thisN': 10, 'thisTrialN': 2, 'thisRepN': 2}>
26.3148 	DATA 	Keypress: r
26.3196 	EXP 	fixation: autoDraw = False
26.3196 	EXP 	text: autoDraw = False
26.3196 	EXP 	text: foreColor = <psychopy.colors.Color: blue, alpha=1.0>
26.3196 	EXP 	text: height = np.float64(0.05)
26.3196 	EXP 	text: height = np.float64(0.05)
26.3196 	EXP 	text: height = np.float64(0.05)
26.3196 	EXP 	text: text = 'BLUE'
26.3196 	EXP 	fixation: autoDraw = True
26.3603 	EXP 	Device response: <KeyPress from None: t=26.297872916002234, value=r, duration=0.06028491699908045>
26.8041 	INFO 	Keyboard events cleared
26.8039 	EXP 	fixation: autoDraw = False
26.8039 	EXP 	text: autoDraw = True
27.9398 	EXP 	Device response: <KeyPress from None: t=27.927766499000427, value=b, duration=None>
27.9406 	EXP 	New trial (rep=2, index=3): <Trial 11 (3 in rep 2) data={'word': 'RED', 'Colour': 'red', 'stimulus_condition': 'C', 'Correct_response': 'r', 'thisN': 11, 'thisTrialN': 3, 'thisRepN': 2}>
27.9512 	DATA 	Keypress: b
27.9565 	EXP 	fixation: autoDraw = False
27.9565 	EXP 	text: autoDraw = False
27.9565 	EXP 	text: foreColor = <psychopy.colors.Color: red, alpha=1.0>
27.9565 	EXP 	text: height = np.float64(0.05)
27.9565 	EXP 	text: height = np.float64(0.05)
27.9565 	EXP 	text: height = np.float64(0.05)
27.9565 	EXP 	text: text = 'RED'
27.9565 	EXP 	fixation: autoDraw = True
27.9932 	EXP 	Device response: <KeyPress from None: t=27.927766499000427, value=b, duration=0.06033600000228034>
28.4370 	INFO 	Keyboard events cleared
28.4369 	EXP 	fixation: autoDraw = False
28.4369 	EXP 	text: autoDraw = True
29.1058 	EXP 	Device response: <KeyPress from None: t=29.10383533300046, value=r, duration=None>
29.1063 	EXP 	New trial (rep=3, index=0): <Trial 12 (0 in rep 3) data={'word': 'BLUE', 'Colour': 'red', 'stimulus_condition': 'I', 'Correct_response': 'r', 'thisN': 12, 'thisTrialN': 0, 'thisRepN': 3}>
29.1165 	DATA 	Keypress: r
29.1218 	EXP 	fixation: autoDraw = False
29.1218 	EXP 	text: autoDraw = False
29.1218 	EXP 	text: foreColor = <psychopy.colors.Color: red, alpha=1.0>
29.1218 	EXP 	text: height = np.float64(0.05)
29.1218 	EXP 	text: height = np.float64(0.05)
29.1218 	EXP 	text: height = np.float64(0.05)
29.1218 	EXP 	text: text = 'BLUE'
29.1218 	EXP 	fixation: autoDraw = True
29.1555 	EXP 	Device response: <KeyPress from None: t=29.10383533300046, value=r, duration=0.04838354100138531>
29.6037 	INFO 	Keyboard events cleared
29.6035 	EXP 	fixation: autoDraw = False
29.6035 	EXP 	text: autoDraw = True
30.3397 	EXP 	Device response: <KeyPress from None: t=30.328736166000454, value=b, duration=None>
30.3404 	EXP 	New trial (rep=3, index=1): <Trial 13 (1 in rep 3) data={'word': 'RED', 'Colour': 'red', 'stimulus_condition': 'C', 'Correct_response': 'r', 'thisN': 13, 'thisTrialN': 1, 'thisRepN': 3}>
30.3510 	DATA 	Keypress: b
30.3560 	EXP 	fixation: autoDraw = False
30.3560 	EXP 	text: autoDraw = False
30.3560 	EXP 	text: foreColor = <psychopy.colors.Color: red, alpha=1.0>
30.3560 	EXP 	text: height = np.float64(0.05)
30.3560 	EXP 	text: height = np.float64(0.05)
30.3560 	EXP 	text: height = np.float64(0.05)
30.3560 	EXP 	text: text = 'RED'
30.3560 	EXP 	fixation: autoDraw = True
30.3891 	EXP 	Device response: <KeyPress from None: t=30.328736166000454, value=b, duration=0.0524600829994597>
30.8371 	INFO 	Keyboard events cleared
30.8369 	EXP 	fixation: autoDraw = False
30.8369 	EXP 	text: autoDraw = True
31.6619 	EXP 	Device response: <KeyPress from None: t=31.65570762400239, value=r, duration=None>
31.6622 	EXP 	New trial (rep=3, index=2): <Trial 14 (2 in rep 3) data={'word': 'BLUE', 'Colour': 'blue', 'stimulus_condition': 'C', 'Correct_response': 'b', 'thisN': 14, 'thisTrialN': 2, 'thisRepN': 3}>
31.6720 	DATA 	Keypress: r
31.6765 	EXP 	fixation: autoDraw = False
31.6765 	EXP 	text: autoDraw = False
31.6765 	EXP 	text: foreColor = <psychopy.colors.Color: blue, alpha=1.0>
31.6765 	EXP 	text: height = np.float64(0.05)
31.6765 	EXP 	text: height = np.float64(0.05)
31.6765 	EXP 	text: height = np.float64(0.05)
31.6765 	EXP 	text: text = 'BLUE'
31.6765 	EXP 	fixation: autoDraw = True
31.6888 	EXP 	Device response: <KeyPress from None: t=31.65570762400239, value=r, duration=0.02846595899973181>
32.1622 	INFO 	Keyboard events cleared
32.1620 	EXP 	fixation: autoDraw = False
32.1620 	EXP 	text: autoDraw = True
32.6563 	EXP 	Device response: <KeyPress from None: t=32.65278645800208, value=b, duration=None>
32.6572 	EXP 	New trial (rep=3, index=3): <Trial 15 (3 in rep 3) data={'word': 'RED', 'Colour': 'blue', 'stimulus_condition': 'I', 'Correct_response': 'b', 'thisN': 15, 'thisTrialN': 3, 'thisRepN': 3}>
32.6671 	DATA 	Keypress: b
32.6722 	EXP 	fixation: autoDraw = False
32.6722 	EXP 	text: autoDraw = False
32.6722 	EXP 	text: foreColor = <psychopy.colors.Color: blue, alpha=1.0>
32.6722 	EXP 	text: height = np.float64(0.05)
32.6722 	EXP 	text: height = np.float64(0.05)
32.6722 	EXP 	text: height = np.float64(0.05)
32.6722 	EXP 	text: text = 'RED'
32.6722 	EXP 	fixation: autoDraw = True
32.7561 	EXP 	Device response: <KeyPress from None: t=32.65278645800208, value=b, duration=0.092207875000895>
33.1547 	INFO 	Keyboard events cleared
33.1545 	EXP 	fixation: autoDraw = False
33.1545 	EXP 	text: autoDraw = True
33.7723 	EXP 	Device response: <KeyPress from None: t=33.76278624900078, value=r, duration=None>
33.7727 	EXP 	New trial (rep=4, index=0): <Trial 16 (0 in rep 4) data={'word': 'RED', 'Colour': 'red', 'stimulus_condition': 'C', 'Correct_response': 'r', 'thisN': 16, 'thisTrialN': 0, 'thisRepN': 4}>
33.7790 	DATA 	Keypress: r
33.7842 	EXP 	fixation: autoDraw = False
33.7842 	EXP 	text: autoDraw = False
33.7842 	EXP 	text: foreColor = <psychopy.colors.Color: red, alpha=1.0>
33.7842 	EXP 	text: text = 'RED'
33.7842 	EXP 	fixation: autoDraw = True
33.8726 	EXP 	Device response: <KeyPress from None: t=33.76278624900078, value=r, duration=0.10430395900039002>
34.2711 	INFO 	Keyboard events cleared
34.2710 	EXP 	fixation: autoDraw = False
34.2710 	EXP 	text: autoDraw = True
35.2281 	EXP 	Device response: <KeyPress from None: t=35.22673758300152, value=r, duration=None>
35.2285 	EXP 	New trial (rep=4, index=1): <Trial 17 (1 in rep 4) data={'word': 'RED', 'Colour': 'blue', 'stimulus_condition': 'I', 'Correct_response': 'b', 'thisN': 17, 'thisTrialN': 1, 'thisRepN': 4}>
35.2347 	DATA 	Keypress: r
35.2401 	EXP 	fixation: autoDraw = False
35.2401 	EXP 	text: autoDraw = False
35.2401 	EXP 	text: foreColor = <psychopy.colors.Color: blue, alpha=1.0>
35.2401 	EXP 	text: text = 'RED'
35.2401 	EXP 	fixation: autoDraw = True
35.2939 	EXP 	Device response: <KeyPress from None: t=35.22673758300152, value=r, duration=0.06423429099959321>
35.7284 	INFO 	Keyboard events cleared
35.7283 	EXP 	fixation: autoDraw = False
35.7283 	EXP 	text: autoDraw = True
37.3390 	EXP 	Device response: <KeyPress from None: t=37.333612708000146, value=b, duration=None>
37.3395 	EXP 	New trial (rep=4, index=2): <Trial 18 (2 in rep 4) data={'word': 'BLUE', 'Colour': 'blue', 'stimulus_condition': 'C', 'Correct_response': 'b', 'thisN': 18, 'thisTrialN': 2, 'thisRepN': 4}>
37.3495 	DATA 	Keypress: b
37.3546 	EXP 	fixation: autoDraw = False
37.3546 	EXP 	text: autoDraw = False
37.3546 	EXP 	text: foreColor = <psychopy.colors.Color: blue, alpha=1.0>
37.3546 	EXP 	text: height = np.float64(0.05)
37.3546 	EXP 	text: height = np.float64(0.05)
37.3546 	EXP 	text: height = np.float64(0.05)
37.3546 	EXP 	text: text = 'BLUE'
37.3546 	EXP 	fixation: autoDraw = True
37.3888 	EXP 	Device response: <KeyPress from None: t=37.333612708000146, value=b, duration=0.04435816600016551>
37.8380 	INFO 	Keyboard events cleared
37.8378 	EXP 	fixation: autoDraw = False
37.8378 	EXP 	text: autoDraw = True
38.3064 	EXP 	Device response: <KeyPress from None: t=38.29454124900076, value=b, duration=None>
38.3071 	EXP 	New trial (rep=4, index=3): <Trial 19 (3 in rep 4) data={'word': 'BLUE', 'Colour': 'red', 'stimulus_condition': 'I', 'Correct_response': 'r', 'thisN': 19, 'thisTrialN': 3, 'thisRepN': 4}>
38.3135 	DATA 	Keypress: b
38.3186 	EXP 	fixation: autoDraw = False
38.3186 	EXP 	text: autoDraw = False
38.3186 	EXP 	text: foreColor = <psychopy.colors.Color: red, alpha=1.0>
38.3186 	EXP 	text: text = 'BLUE'
38.3186 	EXP 	fixation: autoDraw = True
38.3558 	EXP 	Device response: <KeyPress from None: t=38.29454124900076, value=b, duration=0.04828641700078151>
38.8035 	INFO 	Keyboard events cleared
38.8033 	EXP 	fixation: autoDraw = False
38.8033 	EXP 	text: autoDraw = True
40.0445 	EXP 	Device response: <KeyPress from None: t=40.04168999900139, value=r, duration=None>
40.0520 	DATA 	Keypress: r
40.0572 	EXP 	fixation: autoDraw = False
40.0572 	EXP 	text: autoDraw = False
40.0572 	EXP 	text_3: autoDraw = True
40.0888 	EXP 	Device response: <KeyPress from None: t=40.04168999900139, value=r, duration=0.040266833999339724>
42.0428 	EXP 	text_3: autoDraw = False
42.0428 	EXP 	text_3: autoDraw = False
42.0430 	EXP 	0.1 experiment stroop ready: status = STOPPED
42.0572 	INFO 	saved data to '/Users/urvashibhansali/Documents/AU (1-4 years) /3rd Year/Semester 5 Monsoon 25-26/Lab in Psychology PSY310/Psychopy/youtube tutorials/0.1 Stroop sffect experiment/data/Bhavya_0.1 experiment stroop ready_2025-08-25_14h13.49.286.csv'
42.0599 	INFO 	saved data to /Users/urvashibhansali/Documents/AU (1-4 years) /3rd Year/Semester 5 Monsoon 25-26/Lab in Psychology PSY310/Psychopy/youtube tutorials/0.1 Stroop sffect experiment/data/Bhavya_0.1 experiment stroop ready_2025-08-25_14h13.49.286.psydat
42.0639 	WARNING 	t of last frame was 21.05ms (=1/47)
42.2408 	WARNING 	Stopping key buffers but this could be dangerous ifother keyboards rely on the same.
