13.8555 	WARNING 	Font Manager failed to load file /System/Library/PrivateFrameworks/FontServices.framework/Resources/Reserved/PingFangUI.ttc
13.8956 	WARNING 	Font Manager failed to load file /System/Library/PrivateFrameworks/FontServices.framework/Resources/Reserved/PingFangUI.ttc
74.6474 	INFO 	Loaded monitor calibration from ['2025_08_12 07:11']
74.6591 	WARNING 	User requested fullscreen with size [1024  768], but screen is actually [1470, 956]. Using actual size
74.8075 	INFO 	Using renderer 'Apple M2' for graphics
74.8075 	INFO 	OpenGL version supported by driver is 2..
74.8370 	EXP 	Created window1 = Window(allowGUI=False, allowStencil=False, autoLog=True, backendConf=UNKNOWN, backgroundFit=<method-wrapper '__getattribute__' of attributeSetter object at 0x151795690>, backgroundImage=<method-wrapper '__getattribute__' of attributeSetter object at 0x151795630>, bitsMode=UNKNOWN, blendMode='avg', bpc=(8, 8, 8), color=array([0, 0, 0]), colorSpace='rgb', depthBits=8, fullscr=True, gamma=None, gammaErrorPolicy='raise', infoMsg=UNKNOWN, lms=UNKNOWN, monitor=<psychopy.monitors.calibTools.Monitor object at 0x1515290c0>, multiSample=False, name='window1', numSamples=2, pos=[np.float64(0.0), np.float64(0.0)], screen=0, size=array([2940, 1912]), stencilBits=0, stereo=False, title='PsychoPy', units='height', useFBO=True, useRetina=True, viewOri=0.0, viewPos=None, viewScale=None, waitBlanking=True, winType='pyglet')
74.8370 	EXP 	window1: backgroundImage = ''
74.8371 	EXP 	window1: backgroundFit = 'none'
75.1492 	EXP 	window1: Attempting to measure frame rate of screen (0) ...
75.1492 	EXP 	window1: recordFrameIntervals = False
75.3333 	EXP 	window1: recordFrameIntervals = True
76.1669 	WARNING 	Couldn't measure a consistent frame rate!
  - Is your graphics card set to sync to vertical blank?
  - Are you running other processes on your computer?

77.2428 	INFO 	keyboard.Keyboard is using ptb backend.
77.2428 	EXP 	0.1 experiment stroop ready: status = STARTED
77.2969 	EXP 	Created text_2 = TextStim(__class__=<class 'psychopy.visual.text.TextStim'>, alignHoriz=method-wrapper(...), alignText='center', alignVert=method-wrapper(...), anchorHoriz='center', anchorVert='center', antialias=True, autoDraw=False, autoLog=True, bold=False, color=array([1., 1., 1.]), colorSpace='rgb', contrast=1.0, depth=0.0, draggable=False, flipHoriz=False, flipVert=False, font='Arial', fontFiles=[], height=np.float64(0.05), italic=False, languageStyle='LTR', name='text_2', opacity=1, ori=0.0, pos=array([0., 0.]), rgb=UNKNOWN, text=str(...), units='height', win=Window(...), wrapWidth=1)
77.3005 	EXP 	Created fixation = ShapeStim(__class__=<class 'psychopy.visual.shape.ShapeStim'>, anchor=('center', 'center'), autoDraw=False, autoLog=True, closeShape=True, color=method-wrapper(...), colorSpace='rgb', contrast=None, depth=0.0, draggable=False, fillColor=array([1, 1, 1]), fillColorSpace='rgb', fillRGB=array([1, 1, 1]), interpolate=True, lineColor=array([1., 1., 1.]), lineColorSpace='rgb', lineRGB=array([1, 1, 1]), lineWidth=1.0, name='fixation', opacity=1, ori=0.0, pos=array([0., 0.]), size=array([0.5, 0.5]), units='height', vertices=ndarray(...), win=Window(...), windingRule=None)
77.3010 	EXP 	Created text = TextStim(__class__=<class 'psychopy.visual.text.TextStim'>, alignHoriz=method-wrapper(...), alignText='center', alignVert=method-wrapper(...), anchorHoriz='center', anchorVert='center', antialias=True, autoDraw=False, autoLog=True, bold=False, color=array([1., 1., 1.]), colorSpace='rgb', contrast=1.0, depth=-1.0, draggable=False, flipHoriz=False, flipVert=False, font='Arial', fontFiles=[], height=20.0, italic=False, languageStyle='LTR', name='text', opacity=1, ori=0.0, pos=array([0., 0.]), rgb=UNKNOWN, text='', units='pix', win=Window(...), wrapWidth=500)
77.3043 	EXP 	Created text_3 = TextStim(__class__=<class 'psychopy.visual.text.TextStim'>, alignHoriz=method-wrapper(...), alignText='center', alignVert=method-wrapper(...), anchorHoriz='center', anchorVert='center', antialias=True, autoDraw=False, autoLog=True, bold=False, color=array([1., 1., 1.]), colorSpace='rgb', contrast=1.0, depth=0.0, draggable=False, flipHoriz=False, flipVert=False, font='Arial', fontFiles=[], height=np.float64(0.05), italic=False, languageStyle='LTR', name='text_3', opacity=1, ori=0.0, pos=array([0., 0.]), rgb=UNKNOWN, text=str(...), units='height', win=Window(...), wrapWidth=1)
0.0120 	INFO 	Keyboard events cleared
0.0119 	EXP 	text_2: autoDraw = True
13.2147 	EXP 	Device response: <KeyPress from None: t=13.061366582998744, value=space, duration=None>
13.2148 	EXP 	Device response: <KeyPress from None: t=13.061366582998744, value=space, duration=0.07384704099968076>
13.2187 	EXP 	Imported /Users/urvashibhansali/Documents/AU (1-4 years) /3rd Year/Semester 5 Monsoon 25-26/Lab in Psychology PSY310/Stroop task/Experiment 0.1 stroop effect.xlsx as conditions, 4 conditions, 4 params
13.2192 	EXP 	New trial (rep=0, index=0): <Trial 0 (0 in rep 0) data={'word': 'BLUE', 'Colour': 'red', 'stimulus_condition': 'I', 'Correct_response': 'r', 'thisN': 0, 'thisTrialN': 0, 'thisRepN': 0}>
13.2273 	DATA 	Keypress: space
13.2312 	WARNING 	t of last frame was 167.55ms (=1/5)
13.2312 	EXP 	text_2: autoDraw = False
13.2312 	EXP 	text: foreColor = <psychopy.colors.Color: red, alpha=1.0>
13.2312 	EXP 	text: height = np.float64(20.0)
13.2312 	EXP 	text: height = np.float64(20.0)
13.2312 	EXP 	text: height = np.float64(20.0)
13.2312 	EXP 	text: text = 'BLUE'
13.2312 	EXP 	fixation: autoDraw = True
13.7137 	INFO 	Keyboard events cleared
13.7134 	EXP 	fixation: autoDraw = False
13.7134 	EXP 	text: autoDraw = True
15.4321 	EXP 	Device response: <KeyPress from None: t=15.424921290999919, value=b, duration=None>
15.4328 	EXP 	New trial (rep=0, index=1): <Trial 1 (1 in rep 0) data={'word': 'BLUE', 'Colour': 'blue', 'stimulus_condition': 'C', 'Correct_response': 'b', 'thisN': 1, 'thisTrialN': 1, 'thisRepN': 0}>
15.4397 	DATA 	Keypress: b
15.4448 	EXP 	fixation: autoDraw = False
15.4448 	EXP 	text: autoDraw = False
15.4448 	EXP 	text: foreColor = <psychopy.colors.Color: blue, alpha=1.0>
15.4448 	EXP 	text: text = 'BLUE'
15.4448 	EXP 	fixation: autoDraw = True
15.5153 	EXP 	Device response: <KeyPress from None: t=15.424921290999919, value=b, duration=0.08437058300114586>
15.9301 	INFO 	Keyboard events cleared
15.9299 	EXP 	fixation: autoDraw = False
15.9299 	EXP 	text: autoDraw = True
20.0980 	EXP 	Device response: <KeyPress from None: t=20.09296783299942, value=b, duration=None>
20.0985 	EXP 	New trial (rep=0, index=2): <Trial 2 (2 in rep 0) data={'word': 'RED', 'Colour': 'blue', 'stimulus_condition': 'I', 'Correct_response': 'b', 'thisN': 2, 'thisTrialN': 2, 'thisRepN': 0}>
20.1186 	DATA 	Keypress: b
20.1225 	WARNING 	t of last frame was 25.95ms (=1/38)
20.1225 	EXP 	fixation: autoDraw = False
20.1225 	EXP 	text: autoDraw = False
20.1225 	EXP 	text: foreColor = <psychopy.colors.Color: blue, alpha=1.0>
20.1225 	EXP 	text: height = np.float64(20.0)
20.1225 	EXP 	text: height = np.float64(20.0)
20.1225 	EXP 	text: height = np.float64(20.0)
20.1225 	EXP 	text: text = 'RED'
20.1225 	EXP 	fixation: autoDraw = True
20.1460 	EXP 	Device response: <KeyPress from None: t=20.09296783299942, value=b, duration=0.041748208001081366>
20.5965 	INFO 	Keyboard events cleared
20.5963 	EXP 	fixation: autoDraw = False
20.5963 	EXP 	text: autoDraw = True
21.7205 	EXP 	Device response: <KeyPress from None: t=21.715405123999517, value=r, duration=None>
21.7208 	EXP 	New trial (rep=0, index=3): <Trial 3 (3 in rep 0) data={'word': 'RED', 'Colour': 'red', 'stimulus_condition': 'C', 'Correct_response': 'r', 'thisN': 3, 'thisTrialN': 3, 'thisRepN': 0}>
21.7260 	DATA 	Keypress: r
21.7318 	EXP 	fixation: autoDraw = False
21.7318 	EXP 	text: autoDraw = False
21.7318 	EXP 	text: foreColor = <psychopy.colors.Color: red, alpha=1.0>
21.7318 	EXP 	text: text = 'RED'
21.7318 	EXP 	fixation: autoDraw = True
21.7688 	EXP 	Device response: <KeyPress from None: t=21.715405123999517, value=r, duration=0.048344709000957664>
22.2209 	INFO 	Keyboard events cleared
22.2208 	EXP 	fixation: autoDraw = False
22.2208 	EXP 	text: autoDraw = True
23.7485 	EXP 	Device response: <KeyPress from None: t=23.743442457998754, value=r, duration=None>
23.7492 	EXP 	New trial (rep=1, index=0): <Trial 4 (0 in rep 1) data={'word': 'RED', 'Colour': 'blue', 'stimulus_condition': 'I', 'Correct_response': 'b', 'thisN': 4, 'thisTrialN': 0, 'thisRepN': 1}>
23.7548 	DATA 	Keypress: r
23.7598 	EXP 	fixation: autoDraw = False
23.7598 	EXP 	text: autoDraw = False
23.7598 	EXP 	text: foreColor = <psychopy.colors.Color: blue, alpha=1.0>
23.7598 	EXP 	text: text = 'RED'
23.7598 	EXP 	fixation: autoDraw = True
23.7855 	EXP 	Device response: <KeyPress from None: t=23.743442457998754, value=r, duration=0.040317291000974365>
24.2463 	INFO 	Keyboard events cleared
24.2462 	EXP 	fixation: autoDraw = False
24.2462 	EXP 	text: autoDraw = True
25.4820 	EXP 	Device response: <KeyPress from None: t=25.471342332999484, value=b, duration=None>
25.4827 	EXP 	New trial (rep=1, index=1): <Trial 5 (1 in rep 1) data={'word': 'RED', 'Colour': 'red', 'stimulus_condition': 'C', 'Correct_response': 'r', 'thisN': 5, 'thisTrialN': 1, 'thisRepN': 1}>
25.4882 	DATA 	Keypress: b
25.4934 	EXP 	fixation: autoDraw = False
25.4934 	EXP 	text: autoDraw = False
25.4934 	EXP 	text: foreColor = <psychopy.colors.Color: red, alpha=1.0>
25.4934 	EXP 	text: text = 'RED'
25.4934 	EXP 	fixation: autoDraw = True
25.5143 	EXP 	Device response: <KeyPress from None: t=25.471342332999484, value=b, duration=0.040402750000794185>
25.9804 	INFO 	Keyboard events cleared
25.9803 	EXP 	fixation: autoDraw = False
25.9803 	EXP 	text: autoDraw = True
26.8042 	EXP 	Device response: <KeyPress from None: t=26.8014234580005, value=r, duration=None>
26.8047 	EXP 	New trial (rep=1, index=2): <Trial 6 (2 in rep 1) data={'word': 'BLUE', 'Colour': 'blue', 'stimulus_condition': 'C', 'Correct_response': 'b', 'thisN': 6, 'thisTrialN': 2, 'thisRepN': 1}>
26.8137 	DATA 	Keypress: r
26.8180 	EXP 	fixation: autoDraw = False
26.8180 	EXP 	text: autoDraw = False
26.8180 	EXP 	text: foreColor = <psychopy.colors.Color: blue, alpha=1.0>
26.8180 	EXP 	text: height = np.float64(20.0)
26.8180 	EXP 	text: height = np.float64(20.0)
26.8180 	EXP 	text: height = np.float64(20.0)
26.8180 	EXP 	text: text = 'BLUE'
26.8180 	EXP 	fixation: autoDraw = True
26.8477 	EXP 	Device response: <KeyPress from None: t=26.8014234580005, value=r, duration=0.04427895799744874>
27.3048 	INFO 	Keyboard events cleared
27.3046 	EXP 	fixation: autoDraw = False
27.3046 	EXP 	text: autoDraw = True
27.9987 	EXP 	Device response: <KeyPress from None: t=27.992303873998026, value=b, duration=None>
27.9994 	EXP 	New trial (rep=1, index=3): <Trial 7 (3 in rep 1) data={'word': 'BLUE', 'Colour': 'red', 'stimulus_condition': 'I', 'Correct_response': 'r', 'thisN': 7, 'thisTrialN': 3, 'thisRepN': 1}>
28.0051 	DATA 	Keypress: b
28.0102 	EXP 	fixation: autoDraw = False
28.0102 	EXP 	text: autoDraw = False
28.0102 	EXP 	text: foreColor = <psychopy.colors.Color: red, alpha=1.0>
28.0102 	EXP 	text: text = 'BLUE'
28.0102 	EXP 	fixation: autoDraw = True
28.0532 	EXP 	Device response: <KeyPress from None: t=27.992303873998026, value=b, duration=0.05635850000180653>
28.4966 	INFO 	Keyboard events cleared
28.4964 	EXP 	fixation: autoDraw = False
28.4964 	EXP 	text: autoDraw = True
29.9707 	EXP 	Device response: <KeyPress from None: t=29.968378540997946, value=r, duration=None>
29.9712 	EXP 	New trial (rep=2, index=0): <Trial 8 (0 in rep 2) data={'word': 'RED', 'Colour': 'blue', 'stimulus_condition': 'I', 'Correct_response': 'b', 'thisN': 8, 'thisTrialN': 0, 'thisRepN': 2}>
29.9805 	DATA 	Keypress: r
29.9844 	EXP 	fixation: autoDraw = False
29.9844 	EXP 	text: autoDraw = False
29.9844 	EXP 	text: foreColor = <psychopy.colors.Color: blue, alpha=1.0>
29.9844 	EXP 	text: height = np.float64(20.0)
29.9844 	EXP 	text: height = np.float64(20.0)
29.9844 	EXP 	text: height = np.float64(20.0)
29.9844 	EXP 	text: text = 'RED'
29.9844 	EXP 	fixation: autoDraw = True
30.0193 	EXP 	Device response: <KeyPress from None: t=29.968378540997946, value=r, duration=0.04820054200172308>
30.4718 	INFO 	Keyboard events cleared
30.4717 	EXP 	fixation: autoDraw = False
30.4717 	EXP 	text: autoDraw = True
32.0704 	EXP 	Device response: <KeyPress from None: t=32.06623345800108, value=b, duration=None>
32.0708 	EXP 	New trial (rep=2, index=1): <Trial 9 (1 in rep 2) data={'word': 'BLUE', 'Colour': 'red', 'stimulus_condition': 'I', 'Correct_response': 'r', 'thisN': 9, 'thisTrialN': 1, 'thisRepN': 2}>
32.0791 	DATA 	Keypress: b
32.0834 	EXP 	fixation: autoDraw = False
32.0834 	EXP 	text: autoDraw = False
32.0834 	EXP 	text: foreColor = <psychopy.colors.Color: red, alpha=1.0>
32.0834 	EXP 	text: height = np.float64(20.0)
32.0834 	EXP 	text: height = np.float64(20.0)
32.0834 	EXP 	text: height = np.float64(20.0)
32.0834 	EXP 	text: text = 'BLUE'
32.0834 	EXP 	fixation: autoDraw = True
32.1312 	EXP 	Device response: <KeyPress from None: t=32.06623345800108, value=b, duration=0.05640424999728566>
32.5718 	INFO 	Keyboard events cleared
32.5716 	EXP 	fixation: autoDraw = False
32.5716 	EXP 	text: autoDraw = True
34.6037 	EXP 	Device response: <KeyPress from None: t=34.59813020799993, value=r, duration=None>
34.6041 	EXP 	New trial (rep=2, index=2): <Trial 10 (2 in rep 2) data={'word': 'BLUE', 'Colour': 'blue', 'stimulus_condition': 'C', 'Correct_response': 'b', 'thisN': 10, 'thisTrialN': 2, 'thisRepN': 2}>
34.6090 	DATA 	Keypress: r
34.6299 	WARNING 	t of last frame was 27.19ms (=1/36)
34.6299 	EXP 	fixation: autoDraw = False
34.6299 	EXP 	text: autoDraw = False
34.6299 	EXP 	text: foreColor = <psychopy.colors.Color: blue, alpha=1.0>
34.6299 	EXP 	text: text = 'BLUE'
34.6299 	EXP 	fixation: autoDraw = True
34.6483 	EXP 	Device response: <KeyPress from None: t=34.59813020799993, value=r, duration=0.04424154099979205>
35.1045 	INFO 	Keyboard events cleared
35.1043 	EXP 	fixation: autoDraw = False
35.1043 	EXP 	text: autoDraw = True
36.4313 	EXP 	Device response: <KeyPress from None: t=36.423191458001384, value=b, duration=None>
36.4317 	EXP 	New trial (rep=2, index=3): <Trial 11 (3 in rep 2) data={'word': 'RED', 'Colour': 'red', 'stimulus_condition': 'C', 'Correct_response': 'r', 'thisN': 11, 'thisTrialN': 3, 'thisRepN': 2}>
36.4403 	DATA 	Keypress: b
36.4452 	EXP 	fixation: autoDraw = False
36.4452 	EXP 	text: autoDraw = False
36.4452 	EXP 	text: foreColor = <psychopy.colors.Color: red, alpha=1.0>
36.4452 	EXP 	text: height = np.float64(20.0)
36.4452 	EXP 	text: height = np.float64(20.0)
36.4452 	EXP 	text: height = np.float64(20.0)
36.4452 	EXP 	text: text = 'RED'
36.4452 	EXP 	fixation: autoDraw = True
36.4644 	EXP 	Device response: <KeyPress from None: t=36.423191458001384, value=b, duration=0.04026391599836643>
36.9296 	INFO 	Keyboard events cleared
36.9295 	EXP 	fixation: autoDraw = False
36.9295 	EXP 	text: autoDraw = True
37.8484 	EXP 	Device response: <KeyPress from None: t=37.844067748999805, value=r, duration=None>
37.8491 	EXP 	New trial (rep=3, index=0): <Trial 12 (0 in rep 3) data={'word': 'RED', 'Colour': 'blue', 'stimulus_condition': 'I', 'Correct_response': 'b', 'thisN': 12, 'thisTrialN': 0, 'thisRepN': 3}>
37.8548 	DATA 	Keypress: r
37.8598 	EXP 	fixation: autoDraw = False
37.8598 	EXP 	text: autoDraw = False
37.8598 	EXP 	text: foreColor = <psychopy.colors.Color: blue, alpha=1.0>
37.8598 	EXP 	text: text = 'RED'
37.8598 	EXP 	fixation: autoDraw = True
37.9151 	EXP 	Device response: <KeyPress from None: t=37.844067748999805, value=r, duration=0.06439200000022538>
38.3470 	INFO 	Keyboard events cleared
38.3468 	EXP 	fixation: autoDraw = False
38.3468 	EXP 	text: autoDraw = True
39.7038 	EXP 	Device response: <KeyPress from None: t=39.70009487399875, value=b, duration=None>
39.7042 	EXP 	New trial (rep=3, index=1): <Trial 13 (1 in rep 3) data={'word': 'RED', 'Colour': 'red', 'stimulus_condition': 'C', 'Correct_response': 'r', 'thisN': 13, 'thisTrialN': 1, 'thisRepN': 3}>
39.7092 	DATA 	Keypress: b
39.7152 	EXP 	fixation: autoDraw = False
39.7152 	EXP 	text: autoDraw = False
39.7152 	EXP 	text: foreColor = <psychopy.colors.Color: red, alpha=1.0>
39.7152 	EXP 	text: text = 'RED'
39.7152 	EXP 	fixation: autoDraw = True
39.7352 	EXP 	Device response: <KeyPress from None: t=39.70009487399875, value=b, duration=0.032313042000168934>
40.2041 	INFO 	Keyboard events cleared
40.2040 	EXP 	fixation: autoDraw = False
40.2040 	EXP 	text: autoDraw = True
41.1153 	EXP 	Device response: <KeyPress from None: t=41.1041098329988, value=r, duration=None>
41.1160 	EXP 	New trial (rep=3, index=2): <Trial 14 (2 in rep 3) data={'word': 'BLUE', 'Colour': 'red', 'stimulus_condition': 'I', 'Correct_response': 'r', 'thisN': 14, 'thisTrialN': 2, 'thisRepN': 3}>
41.1254 	DATA 	Keypress: r
41.1303 	EXP 	fixation: autoDraw = False
41.1303 	EXP 	text: autoDraw = False
41.1303 	EXP 	text: foreColor = <psychopy.colors.Color: red, alpha=1.0>
41.1303 	EXP 	text: height = np.float64(20.0)
41.1303 	EXP 	text: height = np.float64(20.0)
41.1303 	EXP 	text: height = np.float64(20.0)
41.1303 	EXP 	text: text = 'BLUE'
41.1303 	EXP 	fixation: autoDraw = True
41.1811 	EXP 	Device response: <KeyPress from None: t=41.1041098329988, value=r, duration=0.06827679100024397>
41.6128 	INFO 	Keyboard events cleared
41.6126 	EXP 	fixation: autoDraw = False
41.6126 	EXP 	text: autoDraw = True
42.5539 	EXP 	Device response: <KeyPress from None: t=42.54901591599992, value=b, duration=None>
42.5543 	EXP 	New trial (rep=3, index=3): <Trial 15 (3 in rep 3) data={'word': 'BLUE', 'Colour': 'blue', 'stimulus_condition': 'C', 'Correct_response': 'b', 'thisN': 15, 'thisTrialN': 3, 'thisRepN': 3}>
42.5592 	DATA 	Keypress: b
42.5651 	EXP 	fixation: autoDraw = False
42.5651 	EXP 	text: autoDraw = False
42.5651 	EXP 	text: foreColor = <psychopy.colors.Color: blue, alpha=1.0>
42.5651 	EXP 	text: text = 'BLUE'
42.5651 	EXP 	fixation: autoDraw = True
42.6479 	EXP 	Device response: <KeyPress from None: t=42.54901591599992, value=b, duration=0.09632108300138498>
43.0551 	INFO 	Keyboard events cleared
43.0550 	EXP 	fixation: autoDraw = False
43.0550 	EXP 	text: autoDraw = True
44.1817 	EXP 	Device response: <KeyPress from None: t=44.176952165998955, value=b, duration=None>
44.1824 	EXP 	New trial (rep=4, index=0): <Trial 16 (0 in rep 4) data={'word': 'BLUE', 'Colour': 'blue', 'stimulus_condition': 'C', 'Correct_response': 'b', 'thisN': 16, 'thisTrialN': 0, 'thisRepN': 4}>
44.1881 	DATA 	Keypress: b
44.1931 	EXP 	fixation: autoDraw = False
44.1931 	EXP 	text: autoDraw = False
44.1931 	EXP 	text: foreColor = <psychopy.colors.Color: blue, alpha=1.0>
44.1931 	EXP 	text: text = 'BLUE'
44.1931 	EXP 	fixation: autoDraw = True
44.2707 	EXP 	Device response: <KeyPress from None: t=44.176952165998955, value=b, duration=0.0923659170002793>
44.6802 	INFO 	Keyboard events cleared
44.6800 	EXP 	fixation: autoDraw = False
44.6800 	EXP 	text: autoDraw = True
46.2654 	EXP 	Device response: <KeyPress from None: t=46.25592145799965, value=b, duration=None>
46.2660 	EXP 	New trial (rep=4, index=1): <Trial 17 (1 in rep 4) data={'word': 'BLUE', 'Colour': 'red', 'stimulus_condition': 'I', 'Correct_response': 'r', 'thisN': 17, 'thisTrialN': 1, 'thisRepN': 4}>
46.2717 	DATA 	Keypress: b
46.2767 	EXP 	fixation: autoDraw = False
46.2767 	EXP 	text: autoDraw = False
46.2767 	EXP 	text: foreColor = <psychopy.colors.Color: red, alpha=1.0>
46.2767 	EXP 	text: text = 'BLUE'
46.2767 	EXP 	fixation: autoDraw = True
46.3319 	EXP 	Device response: <KeyPress from None: t=46.25592145799965, value=b, duration=0.06428512500133365>
46.7630 	INFO 	Keyboard events cleared
46.7628 	EXP 	fixation: autoDraw = False
46.7628 	EXP 	text: autoDraw = True
48.5818 	EXP 	Device response: <KeyPress from None: t=48.57887979099905, value=r, duration=None>
48.5825 	EXP 	New trial (rep=4, index=2): <Trial 18 (2 in rep 4) data={'word': 'RED', 'Colour': 'blue', 'stimulus_condition': 'I', 'Correct_response': 'b', 'thisN': 18, 'thisTrialN': 2, 'thisRepN': 4}>
48.5917 	DATA 	Keypress: r
48.5966 	EXP 	fixation: autoDraw = False
48.5966 	EXP 	text: autoDraw = False
48.5966 	EXP 	text: foreColor = <psychopy.colors.Color: blue, alpha=1.0>
48.5966 	EXP 	text: height = np.float64(20.0)
48.5966 	EXP 	text: height = np.float64(20.0)
48.5966 	EXP 	text: height = np.float64(20.0)
48.5966 	EXP 	text: text = 'RED'
48.5966 	EXP 	fixation: autoDraw = True
48.6477 	EXP 	Device response: <KeyPress from None: t=48.57887979099905, value=r, duration=0.06017504199917312>
49.0789 	INFO 	Keyboard events cleared
49.0787 	EXP 	fixation: autoDraw = False
49.0787 	EXP 	text: autoDraw = True
50.2202 	EXP 	Device response: <KeyPress from None: t=50.21474054099963, value=b, duration=None>
50.2206 	EXP 	New trial (rep=4, index=3): <Trial 19 (3 in rep 4) data={'word': 'RED', 'Colour': 'red', 'stimulus_condition': 'C', 'Correct_response': 'r', 'thisN': 19, 'thisTrialN': 3, 'thisRepN': 4}>
50.2255 	DATA 	Keypress: b
50.2465 	WARNING 	t of last frame was 27.28ms (=1/36)
50.2465 	EXP 	fixation: autoDraw = False
50.2465 	EXP 	text: autoDraw = False
50.2465 	EXP 	text: foreColor = <psychopy.colors.Color: red, alpha=1.0>
50.2465 	EXP 	text: text = 'RED'
50.2465 	EXP 	fixation: autoDraw = True
50.2652 	EXP 	Device response: <KeyPress from None: t=50.21474054099963, value=b, duration=0.032306666998920264>
50.7208 	INFO 	Keyboard events cleared
50.7207 	EXP 	fixation: autoDraw = False
50.7207 	EXP 	text: autoDraw = True
51.8145 	EXP 	Device response: <KeyPress from None: t=51.80474820800009, value=r, duration=None>
51.8211 	DATA 	Keypress: r
51.8258 	EXP 	fixation: autoDraw = False
51.8258 	EXP 	text: autoDraw = False
51.8258 	EXP 	text_3: autoDraw = True
51.8519 	EXP 	Device response: <KeyPress from None: t=51.80474820800009, value=r, duration=0.04433299999800511>
53.8135 	EXP 	text_3: autoDraw = False
53.8135 	EXP 	text_3: autoDraw = False
53.8137 	EXP 	0.1 experiment stroop ready: status = STOPPED
53.8271 	INFO 	saved data to '/Users/urvashibhansali/Documents/AU (1-4 years) /3rd Year/Semester 5 Monsoon 25-26/Lab in Psychology PSY310/Psychopy/youtube tutorials/0.1 Stroop sffect experiment/data/Khushi_0.1 experiment stroop ready_2025-08-25_14h17.42.363.csv'
53.8289 	INFO 	saved data to /Users/urvashibhansali/Documents/AU (1-4 years) /3rd Year/Semester 5 Monsoon 25-26/Lab in Psychology PSY310/Psychopy/youtube tutorials/0.1 Stroop sffect experiment/data/Khushi_0.1 experiment stroop ready_2025-08-25_14h17.42.363.psydat
53.9740 	WARNING 	Stopping key buffers but this could be dangerous ifother keyboards rely on the same.
